[00:56:25] [ServerMain/INFO]: Building unoptimized datafixer
[00:56:27] [ServerMain/INFO]: Environment: authHost='https://authserver.mojang.com', accountsHost='https://api.mojang.com', sessionHost='https://sessionserver.mojang.com', servicesHost='https://api.minecraftservices.com', name='PROD'
[00:56:30] [ServerMain/INFO]: Loaded 7 recipes
[00:56:30] [ServerMain/INFO]: Loaded 1179 advancements
[00:56:31] [Server thread/INFO]: Starting minecraft server version 1.19.2
[00:56:31] [Server thread/INFO]: Loading properties
[00:56:31] [Server thread/INFO]: Default game type: SURVIVAL
[00:56:31] [Server thread/INFO]: Generating keypair
[00:56:32] [Server thread/INFO]: Starting Minecraft server on 192.168.0.7:25565
[00:56:32] [Server thread/INFO]: Using default channel type
[00:56:32] [Server thread/INFO]: Preparing level "world"
[00:56:32] [Server thread/INFO]: Preparing start region for dimension minecraft:overworld
[00:56:38] [Worker-Main-2/INFO]: Preparing spawn area: 0%
[00:56:38] [Worker-Main-3/INFO]: Preparing spawn area: 0%
[00:56:38] [Worker-Main-3/INFO]: Preparing spawn area: 0%
[00:56:38] [Worker-Main-1/INFO]: Preparing spawn area: 0%
[00:56:38] [Worker-Main-2/INFO]: Preparing spawn area: 0%
[00:56:38] [Worker-Main-4/INFO]: Preparing spawn area: 0%
[00:56:38] [Worker-Main-5/INFO]: Preparing spawn area: 0%
[00:56:38] [Worker-Main-4/INFO]: Preparing spawn area: 0%
[00:56:38] [Worker-Main-4/INFO]: Preparing spawn area: 0%
[00:56:38] [Worker-Main-3/INFO]: Preparing spawn area: 0%
[00:56:38] [Worker-Main-4/INFO]: Preparing spawn area: 0%
[00:56:38] [Worker-Main-2/INFO]: Preparing spawn area: 0%
[00:56:38] [Worker-Main-2/INFO]: Preparing spawn area: 0%
[00:56:39] [Worker-Main-6/INFO]: Preparing spawn area: 0%
[00:56:39] [Worker-Main-5/INFO]: Preparing spawn area: 11%
[00:56:40] [Worker-Main-4/INFO]: Preparing spawn area: 45%
[00:56:40] [Worker-Main-3/INFO]: Preparing spawn area: 86%
[00:56:40] [Server thread/INFO]: Time elapsed: 8285 ms
[00:56:40] [Server thread/INFO]: Done (8.624s)! For help, type "help"
[00:57:02] [User Authenticator #1/INFO]: UUID of player x4leqxinn is 83105509-ce17-4651-b82d-2a4a7c31c90a
[00:57:02] [Server thread/INFO]: x4leqxinn[/200.104.207.205:49813] logged in with entity id 159 at (298.1588902499196, -58.0, -499.30000001192093)
[00:57:02] [Server thread/INFO]: x4leqxinn joined the game
[00:57:05] [Server thread/WARN]: Can't keep up! Is the server overloaded? Running 3044ms or 60 ticks behind
[00:57:12] [Server thread/INFO]: x4leqxinn lost connection: Disconnected
[00:57:12] [Server thread/INFO]: x4leqxinn left the game
[01:09:50] [Server thread/INFO]: Unknown or incomplete command, see below for error
[01:09:50] [Server thread/INFO]: <--[HERE]
[01:09:51] [Server thread/INFO]: Unknown or incomplete command, see below for error
[01:09:51] [Server thread/INFO]: <--[HERE]
[01:15:39] [Server thread/INFO]: Stopping the server
[01:15:39] [Server thread/INFO]: Stopping server
[01:15:39] [Server thread/INFO]: Saving players
[01:15:39] [Server thread/INFO]: Saving worlds
[01:15:41] [Server thread/INFO]: Saving chunks for level 'ServerLevel[Mundo wea]'/minecraft:overworld
[01:15:41] [Server thread/INFO]: Saving chunks for level 'ServerLevel[Mundo wea]'/minecraft:the_nether
[01:15:41] [Server thread/INFO]: Saving chunks for level 'ServerLevel[Mundo wea]'/minecraft:the_end
[01:15:41] [Server thread/INFO]: ThreadedAnvilChunkStorage (world): All chunks are saved
[01:15:41] [Server thread/INFO]: ThreadedAnvilChunkStorage (DIM-1): All chunks are saved
[01:15:41] [Server thread/INFO]: ThreadedAnvilChunkStorage (DIM1): All chunks are saved
[01:15:41] [Server thread/INFO]: ThreadedAnvilChunkStorage: All dimensions are saved
